#
# There is insufficient memory for the Java Runtime Environment to continue.
# Native memory allocation (mmap) failed to map 65536 bytes for Failed to commit metaspace.
# Possible reasons:
#   The system is out of physical RAM or swap space
#   The process is running with CompressedOops enabled, and the Java Heap may be blocking the growth of the native heap
# Possible solutions:
#   Reduce memory load on the system
#   Increase physical memory or swap space
#   Check if swap backing store is full
#   Decrease Java heap size (-Xmx/-Xms)
#   Decrease number of Java threads
#   Decrease Java thread stack sizes (-Xss)
#   Set larger code cache with -XX:ReservedCodeCacheSize=
#   JVM is running with Zero Based Compressed Oops mode in which the Java heap is
#     placed in the first 32GB address space. The Java Heap base address is the
#     maximum limit for the native heap growth. Please use -XX:HeapBaseMinAddress
#     to set the Java Heap base and to place the Java Heap above 32GB virtual address.
# This output file may be truncated or incomplete.
#
#  Out of Memory Error (virtualSpaceNode.cpp:110), pid=18104, tid=14924
#
# JRE version: Java(TM) SE Runtime Environment (17.0.1+12) (build 17.0.1+12-LTS-39)
# Java VM: Java HotSpot(TM) 64-Bit Server VM (17.0.1+12-LTS-39, mixed mode, sharing, tiered, compressed oops, compressed class ptrs, g1 gc, windows-amd64)
# No core dump will be written. Minidumps are not enabled by default on client versions of Windows
#

---------------  S U M M A R Y ------------

Command Line: -Dfile.encoding=Cp1252 -XX:+ShowCodeDetailsInExceptionMessages vista.FrmAtención

Host: Intel(R) Core(TM) i5-9300H CPU @ 2.40GHz, 8 cores, 15G,  Windows 10 , 64 bit Build 22000 (10.0.22000.708)
Time: Thu Jun  2 17:22:58 2022 Hora est. Pacífico, Sudamérica elapsed time: 0.140996 seconds (0d 0h 0m 0s)

---------------  T H R E A D  ---------------

Current thread (0x000001dc578fe0d0):  JavaThread "main" [_thread_in_vm, id=14924, stack(0x0000005b6e100000,0x0000005b6e200000)]

Stack: [0x0000005b6e100000,0x0000005b6e200000]
Native frames: (J=compiled Java code, j=interpreted, Vv=VM code, C=native code)
V  [jvm.dll+0x66fa1a]
V  [jvm.dll+0x7ce5a4]
V  [jvm.dll+0x7cfd4e]
V  [jvm.dll+0x7d03b3]
V  [jvm.dll+0x242b05]
V  [jvm.dll+0x7ca54b]
V  [jvm.dll+0x615b76]
V  [jvm.dll+0x615bda]
V  [jvm.dll+0x6183ea]
V  [jvm.dll+0x616516]
V  [jvm.dll+0x2370cf]
V  [jvm.dll+0x620145]
V  [jvm.dll+0x1e7dcb]
V  [jvm.dll+0x1e8305]
V  [jvm.dll+0x1e8d3f]
V  [jvm.dll+0x1de1f1]
V  [jvm.dll+0x537690]
V  [jvm.dll+0x1ee9d7]
V  [jvm.dll+0x748afb]
V  [jvm.dll+0x749ea2]
V  [jvm.dll+0x74a1d8]
V  [jvm.dll+0x23ae5e]
V  [jvm.dll+0x37afce]
C  0x000001dc5f12b817

Java frames: (J=compiled Java code, j=interpreted, Vv=VM code)
j  java.awt.Window.<clinit>()V+117 java.desktop@17.0.1
v  ~StubRoutines::call_stub

---------------  P R O C E S S  ---------------

Threads class SMR info:
_java_thread_list=0x000001dc7b105610, length=12, elements={
0x000001dc578fe0d0, 0x000001dc7a50a390, 0x000001dc7a50b200, 0x000001dc7a5218f0,
0x000001dc7a5222a0, 0x000001dc7a523c60, 0x000001dc7a525350, 0x000001dc7a531cc0,
0x000001dc7a536200, 0x000001dc7a540710, 0x000001dc7b0ff0e0, 0x000001dc7b0fec10
}

Java Threads: ( => current thread )
=>0x000001dc578fe0d0 JavaThread "main" [_thread_in_vm, id=14924, stack(0x0000005b6e100000,0x0000005b6e200000)]
  0x000001dc7a50a390 JavaThread "Reference Handler" daemon [_thread_blocked, id=39992, stack(0x0000005b6e800000,0x0000005b6e900000)]
  0x000001dc7a50b200 JavaThread "Finalizer" daemon [_thread_blocked, id=52888, stack(0x0000005b6e900000,0x0000005b6ea00000)]
  0x000001dc7a5218f0 JavaThread "Signal Dispatcher" daemon [_thread_blocked, id=50880, stack(0x0000005b6ea00000,0x0000005b6eb00000)]
  0x000001dc7a5222a0 JavaThread "Attach Listener" daemon [_thread_blocked, id=42460, stack(0x0000005b6eb00000,0x0000005b6ec00000)]
  0x000001dc7a523c60 JavaThread "Service Thread" daemon [_thread_blocked, id=26700, stack(0x0000005b6ec00000,0x0000005b6ed00000)]
  0x000001dc7a525350 JavaThread "Monitor Deflation Thread" daemon [_thread_blocked, id=49880, stack(0x0000005b6ed00000,0x0000005b6ee00000)]
  0x000001dc7a531cc0 JavaThread "C2 CompilerThread0" daemon [_thread_blocked, id=24864, stack(0x0000005b6ee00000,0x0000005b6ef00000)]
  0x000001dc7a536200 JavaThread "C1 CompilerThread0" daemon [_thread_blocked, id=52756, stack(0x0000005b6ef00000,0x0000005b6f000000)]
  0x000001dc7a540710 JavaThread "Sweeper thread" daemon [_thread_blocked, id=40276, stack(0x0000005b6f000000,0x0000005b6f100000)]
  0x000001dc7b0ff0e0 JavaThread "Notification Thread" daemon [_thread_blocked, id=33972, stack(0x0000005b6f100000,0x0000005b6f200000)]
  0x000001dc7b0fec10 JavaThread "Common-Cleaner" daemon [_thread_blocked, id=50588, stack(0x0000005b6f300000,0x0000005b6f400000)]

Other Threads:
  0x000001dc7a5067a0 VMThread "VM Thread" [stack: 0x0000005b6e700000,0x0000005b6e800000] [id=52264]
  0x000001dc579754b0 WatcherThread [stack: 0x0000005b6f200000,0x0000005b6f300000] [id=8356]
  0x000001dc5794ec90 GCTaskThread "GC Thread#0" [stack: 0x0000005b6e200000,0x0000005b6e300000] [id=50376]
  0x000001dc5795f950 ConcurrentGCThread "G1 Main Marker" [stack: 0x0000005b6e300000,0x0000005b6e400000] [id=52148]
  0x000001dc57960b00 ConcurrentGCThread "G1 Conc#0" [stack: 0x0000005b6e400000,0x0000005b6e500000] [id=51960]
  0x000001dc579d84b0 ConcurrentGCThread "G1 Refine#0" [stack: 0x0000005b6e500000,0x0000005b6e600000] [id=51296]
  0x000001dc7a3c20c0 ConcurrentGCThread "G1 Service" [stack: 0x0000005b6e600000,0x0000005b6e700000] [id=27544]

Threads with active compile tasks:

VM state: not at safepoint (normal execution)

VM Mutex/Monitor currently owned by a thread:  ([mutex/lock_event])
[0x000001dc578f9c60] Metaspace_lock - owner thread: 0x000001dc578fe0d0

Heap address: 0x0000000702800000, size: 4056 MB, Compressed Oops mode: Zero based, Oop shift amount: 3

CDS archive(s) mapped at: [0x0000000800000000-0x0000000800bc0000-0x0000000800bc0000), size 12320768, SharedBaseAddress: 0x0000000800000000, ArchiveRelocationMode: 0.
Compressed class space mapped at: 0x0000000800c00000-0x0000000840c00000, reserved size: 1073741824
Narrow klass base: 0x0000000800000000, Narrow klass shift: 0, Narrow klass range: 0x100000000

GC Precious Log:
 CPUs: 8 total, 8 available
 Memory: 16221M
 Large Page Support: Disabled
 NUMA Support: Disabled
 Compressed Oops: Enabled (Zero based)
 Heap Region Size: 2M
 Heap Min Capacity: 8M
 Heap Initial Capacity: 254M
 Heap Max Capacity: 4056M
 Pre-touch: Disabled
 Parallel Workers: 8
 Concurrent Workers: 2
 Concurrent Refinement Workers: 8
 Periodic GC: Disabled

Heap:
 garbage-first heap   total 260096K, used 2048K [0x0000000702800000, 0x0000000800000000)
  region size 2048K, 2 young (4096K), 0 survivors (0K)
 Metaspace       used 1578K, committed 1664K, reserved 1056768K
  class space    used 132K, committed 192K, reserved 1048576K

Heap Regions: E=young(eden), S=young(survivor), O=old, HS=humongous(starts), HC=humongous(continues), CS=collection set, F=free, OA=open archive, CA=closed archive, TAMS=top-at-mark-start (previous, next)
|   0|0x0000000702800000, 0x0000000702800000, 0x0000000702a00000|  0%| F|  |TAMS 0x0000000702800000, 0x0000000702800000| Untracked 
|   1|0x0000000702a00000, 0x0000000702a00000, 0x0000000702c00000|  0%| F|  |TAMS 0x0000000702a00000, 0x0000000702a00000| Untracked 
|   2|0x0000000702c00000, 0x0000000702c00000, 0x0000000702e00000|  0%| F|  |TAMS 0x0000000702c00000, 0x0000000702c00000| Untracked 
|   3|0x0000000702e00000, 0x0000000702e00000, 0x0000000703000000|  0%| F|  |TAMS 0x0000000702e00000, 0x0000000702e00000| Untracked 
|   4|0x0000000703000000, 0x0000000703000000, 0x0000000703200000|  0%| F|  |TAMS 0x0000000703000000, 0x0000000703000000| Untracked 
|   5|0x0000000703200000, 0x0000000703200000, 0x0000000703400000|  0%| F|  |TAMS 0x0000000703200000, 0x0000000703200000| Untracked 
|   6|0x0000000703400000, 0x0000000703400000, 0x0000000703600000|  0%| F|  |TAMS 0x0000000703400000, 0x0000000703400000| Untracked 
|   7|0x0000000703600000, 0x0000000703600000, 0x0000000703800000|  0%| F|  |TAMS 0x0000000703600000, 0x0000000703600000| Untracked 
|   8|0x0000000703800000, 0x0000000703800000, 0x0000000703a00000|  0%| F|  |TAMS 0x0000000703800000, 0x0000000703800000| Untracked 
|   9|0x0000000703a00000, 0x0000000703a00000, 0x0000000703c00000|  0%| F|  |TAMS 0x0000000703a00000, 0x0000000703a00000| Untracked 
|  10|0x0000000703c00000, 0x0000000703c00000, 0x0000000703e00000|  0%| F|  |TAMS 0x0000000703c00000, 0x0000000703c00000| Untracked 
|  11|0x0000000703e00000, 0x0000000703e00000, 0x0000000704000000|  0%| F|  |TAMS 0x0000000703e00000, 0x0000000703e00000| Untracked 
|  12|0x0000000704000000, 0x0000000704000000, 0x0000000704200000|  0%| F|  |TAMS 0x0000000704000000, 0x0000000704000000| Untracked 
|  13|0x0000000704200000, 0x0000000704200000, 0x0000000704400000|  0%| F|  |TAMS 0x0000000704200000, 0x0000000704200000| Untracked 
|  14|0x0000000704400000, 0x0000000704400000, 0x0000000704600000|  0%| F|  |TAMS 0x0000000704400000, 0x0000000704400000| Untracked 
|  15|0x0000000704600000, 0x0000000704600000, 0x0000000704800000|  0%| F|  |TAMS 0x0000000704600000, 0x0000000704600000| Untracked 
|  16|0x0000000704800000, 0x0000000704800000, 0x0000000704a00000|  0%| F|  |TAMS 0x0000000704800000, 0x0000000704800000| Untracked 
|  17|0x0000000704a00000, 0x0000000704a00000, 0x0000000704c00000|  0%| F|  |TAMS 0x0000000704a00000, 0x0000000704a00000| Untracked 
|  18|0x0000000704c00000, 0x0000000704c00000, 0x0000000704e00000|  0%| F|  |TAMS 0x0000000704c00000, 0x0000000704c00000| Untracked 
|  19|0x0000000704e00000, 0x0000000704e00000, 0x0000000705000000|  0%| F|  |TAMS 0x0000000704e00000, 0x0000000704e00000| Untracked 
|  20|0x0000000705000000, 0x0000000705000000, 0x0000000705200000|  0%| F|  |TAMS 0x0000000705000000, 0x0000000705000000| Untracked 
|  21|0x0000000705200000, 0x0000000705200000, 0x0000000705400000|  0%| F|  |TAMS 0x0000000705200000, 0x0000000705200000| Untracked 
|  22|0x0000000705400000, 0x0000000705400000, 0x0000000705600000|  0%| F|  |TAMS 0x0000000705400000, 0x0000000705400000| Untracked 
|  23|0x0000000705600000, 0x0000000705600000, 0x0000000705800000|  0%| F|  |TAMS 0x0000000705600000, 0x0000000705600000| Untracked 
|  24|0x0000000705800000, 0x0000000705800000, 0x0000000705a00000|  0%| F|  |TAMS 0x0000000705800000, 0x0000000705800000| Untracked 
|  25|0x0000000705a00000, 0x0000000705a00000, 0x0000000705c00000|  0%| F|  |TAMS 0x0000000705a00000, 0x0000000705a00000| Untracked 
|  26|0x0000000705c00000, 0x0000000705c00000, 0x0000000705e00000|  0%| F|  |TAMS 0x0000000705c00000, 0x0000000705c00000| Untracked 
|  27|0x0000000705e00000, 0x0000000705e00000, 0x0000000706000000|  0%| F|  |TAMS 0x0000000705e00000, 0x0000000705e00000| Untracked 
|  28|0x0000000706000000, 0x0000000706000000, 0x0000000706200000|  0%| F|  |TAMS 0x0000000706000000, 0x0000000706000000| Untracked 
|  29|0x0000000706200000, 0x0000000706200000, 0x0000000706400000|  0%| F|  |TAMS 0x0000000706200000, 0x0000000706200000| Untracked 
|  30|0x0000000706400000, 0x0000000706400000, 0x0000000706600000|  0%| F|  |TAMS 0x0000000706400000, 0x0000000706400000| Untracked 
|  31|0x0000000706600000, 0x0000000706600000, 0x0000000706800000|  0%| F|  |TAMS 0x0000000706600000, 0x0000000706600000| Untracked 
|  32|0x0000000706800000, 0x0000000706800000, 0x0000000706a00000|  0%| F|  |TAMS 0x0000000706800000, 0x0000000706800000| Untracked 
|  33|0x0000000706a00000, 0x0000000706a00000, 0x0000000706c00000|  0%| F|  |TAMS 0x0000000706a00000, 0x0000000706a00000| Untracked 
|  34|0x0000000706c00000, 0x0000000706c00000, 0x0000000706e00000|  0%| F|  |TAMS 0x0000000706c00000, 0x0000000706c00000| Untracked 
|  35|0x0000000706e00000, 0x0000000706e00000, 0x0000000707000000|  0%| F|  |TAMS 0x0000000706e00000, 0x0000000706e00000| Untracked 
|  36|0x0000000707000000, 0x0000000707000000, 0x0000000707200000|  0%| F|  |TAMS 0x0000000707000000, 0x0000000707000000| Untracked 
|  37|0x0000000707200000, 0x0000000707200000, 0x0000000707400000|  0%| F|  |TAMS 0x0000000707200000, 0x0000000707200000| Untracked 
|  38|0x0000000707400000, 0x0000000707400000, 0x0000000707600000|  0%| F|  |TAMS 0x0000000707400000, 0x0000000707400000| Untracked 
|  39|0x0000000707600000, 0x0000000707600000, 0x0000000707800000|  0%| F|  |TAMS 0x0000000707600000, 0x0000000707600000| Untracked 
|  40|0x0000000707800000, 0x0000000707800000, 0x0000000707a00000|  0%| F|  |TAMS 0x0000000707800000, 0x0000000707800000| Untracked 
|  41|0x0000000707a00000, 0x0000000707a00000, 0x0000000707c00000|  0%| F|  |TAMS 0x0000000707a00000, 0x0000000707a00000| Untracked 
|  42|0x0000000707c00000, 0x0000000707c00000, 0x0000000707e00000|  0%| F|  |TAMS 0x0000000707c00000, 0x0000000707c00000| Untracked 
|  43|0x0000000707e00000, 0x0000000707e00000, 0x0000000708000000|  0%| F|  |TAMS 0x0000000707e00000, 0x0000000707e00000| Untracked 
|  44|0x0000000708000000, 0x0000000708000000, 0x0000000708200000|  0%| F|  |TAMS 0x0000000708000000, 0x0000000708000000| Untracked 
|  45|0x0000000708200000, 0x0000000708200000, 0x0000000708400000|  0%| F|  |TAMS 0x0000000708200000, 0x0000000708200000| Untracked 
|  46|0x0000000708400000, 0x0000000708400000, 0x0000000708600000|  0%| F|  |TAMS 0x0000000708400000, 0x0000000708400000| Untracked 
|  47|0x0000000708600000, 0x0000000708600000, 0x0000000708800000|  0%| F|  |TAMS 0x0000000708600000, 0x0000000708600000| Untracked 
|  48|0x0000000708800000, 0x0000000708800000, 0x0000000708a00000|  0%| F|  |TAMS 0x0000000708800000, 0x0000000708800000| Untracked 
|  49|0x0000000708a00000, 0x0000000708a00000, 0x0000000708c00000|  0%| F|  |TAMS 0x0000000708a00000, 0x0000000708a00000| Untracked 
|  50|0x0000000708c00000, 0x0000000708c00000, 0x0000000708e00000|  0%| F|  |TAMS 0x0000000708c00000, 0x0000000708c00000| Untracked 
|  51|0x0000000708e00000, 0x0000000708e00000, 0x0000000709000000|  0%| F|  |TAMS 0x0000000708e00000, 0x0000000708e00000| Untracked 
|  52|0x0000000709000000, 0x0000000709000000, 0x0000000709200000|  0%| F|  |TAMS 0x0000000709000000, 0x0000000709000000| Untracked 
|  53|0x0000000709200000, 0x0000000709200000, 0x0000000709400000|  0%| F|  |TAMS 0x0000000709200000, 0x0000000709200000| Untracked 
|  54|0x0000000709400000, 0x0000000709400000, 0x0000000709600000|  0%| F|  |TAMS 0x0000000709400000, 0x0000000709400000| Untracked 
|  55|0x0000000709600000, 0x0000000709600000, 0x0000000709800000|  0%| F|  |TAMS 0x0000000709600000, 0x0000000709600000| Untracked 
|  56|0x0000000709800000, 0x0000000709800000, 0x0000000709a00000|  0%| F|  |TAMS 0x0000000709800000, 0x0000000709800000| Untracked 
|  57|0x0000000709a00000, 0x0000000709a00000, 0x0000000709c00000|  0%| F|  |TAMS 0x0000000709a00000, 0x0000000709a00000| Untracked 
|  58|0x0000000709c00000, 0x0000000709c00000, 0x0000000709e00000|  0%| F|  |TAMS 0x0000000709c00000, 0x0000000709c00000| Untracked 
|  59|0x0000000709e00000, 0x0000000709e00000, 0x000000070a000000|  0%| F|  |TAMS 0x0000000709e00000, 0x0000000709e00000| Untracked 
|  60|0x000000070a000000, 0x000000070a000000, 0x000000070a200000|  0%| F|  |TAMS 0x000000070a000000, 0x000000070a000000| Untracked 
|  61|0x000000070a200000, 0x000000070a200000, 0x000000070a400000|  0%| F|  |TAMS 0x000000070a200000, 0x000000070a200000| Untracked 
|  62|0x000000070a400000, 0x000000070a400000, 0x000000070a600000|  0%| F|  |TAMS 0x000000070a400000, 0x000000070a400000| Untracked 
|  63|0x000000070a600000, 0x000000070a600000, 0x000000070a800000|  0%| F|  |TAMS 0x000000070a600000, 0x000000070a600000| Untracked 
|  64|0x000000070a800000, 0x000000070a800000, 0x000000070aa00000|  0%| F|  |TAMS 0x000000070a800000, 0x000000070a800000| Untracked 
|  65|0x000000070aa00000, 0x000000070aa00000, 0x000000070ac00000|  0%| F|  |TAMS 0x000000070aa00000, 0x000000070aa00000| Untracked 
|  66|0x000000070ac00000, 0x000000070ac00000, 0x000000070ae00000|  0%| F|  |TAMS 0x000000070ac00000, 0x000000070ac00000| Untracked 
|  67|0x000000070ae00000, 0x000000070ae00000, 0x000000070b000000|  0%| F|  |TAMS 0x000000070ae00000, 0x000000070ae00000| Untracked 
|  68|0x000000070b000000, 0x000000070b000000, 0x000000070b200000|  0%| F|  |TAMS 0x000000070b000000, 0x000000070b000000| Untracked 
|  69|0x000000070b200000, 0x000000070b200000, 0x000000070b400000|  0%| F|  |TAMS 0x000000070b200000, 0x000000070b200000| Untracked 
|  70|0x000000070b400000, 0x000000070b400000, 0x000000070b600000|  0%| F|  |TAMS 0x000000070b400000, 0x000000070b400000| Untracked 
|  71|0x000000070b600000, 0x000000070b600000, 0x000000070b800000|  0%| F|  |TAMS 0x000000070b600000, 0x000000070b600000| Untracked 
|  72|0x000000070b800000, 0x000000070b800000, 0x000000070ba00000|  0%| F|  |TAMS 0x000000070b800000, 0x000000070b800000| Untracked 
|  73|0x000000070ba00000, 0x000000070ba00000, 0x000000070bc00000|  0%| F|  |TAMS 0x000000070ba00000, 0x000000070ba00000| Untracked 
|  74|0x000000070bc00000, 0x000000070bc00000, 0x000000070be00000|  0%| F|  |TAMS 0x000000070bc00000, 0x000000070bc00000| Untracked 
|  75|0x000000070be00000, 0x000000070be00000, 0x000000070c000000|  0%| F|  |TAMS 0x000000070be00000, 0x000000070be00000| Untracked 
|  76|0x000000070c000000, 0x000000070c000000, 0x000000070c200000|  0%| F|  |TAMS 0x000000070c000000, 0x000000070c000000| Untracked 
|  77|0x000000070c200000, 0x000000070c200000, 0x000000070c400000|  0%| F|  |TAMS 0x000000070c200000, 0x000000070c200000| Untracked 
|  78|0x000000070c400000, 0x000000070c400000, 0x000000070c600000|  0%| F|  |TAMS 0x000000070c400000, 0x000000070c400000| Untracked 
|  79|0x000000070c600000, 0x000000070c600000, 0x000000070c800000|  0%| F|  |TAMS 0x000000070c600000, 0x000000070c600000| Untracked 
|  80|0x000000070c800000, 0x000000070c800000, 0x000000070ca00000|  0%| F|  |TAMS 0x000000070c800000, 0x000000070c800000| Untracked 
|  81|0x000000070ca00000, 0x000000070ca00000, 0x000000070cc00000|  0%| F|  |TAMS 0x000000070ca00000, 0x000000070ca00000| Untracked 
|  82|0x000000070cc00000, 0x000000070cc00000, 0x000000070ce00000|  0%| F|  |TAMS 0x000000070cc00000, 0x000000070cc00000| Untracked 
|  83|0x000000070ce00000, 0x000000070ce00000, 0x000000070d000000|  0%| F|  |TAMS 0x000000070ce00000, 0x000000070ce00000| Untracked 
|  84|0x000000070d000000, 0x000000070d000000, 0x000000070d200000|  0%| F|  |TAMS 0x000000070d000000, 0x000000070d000000| Untracked 
|  85|0x000000070d200000, 0x000000070d200000, 0x000000070d400000|  0%| F|  |TAMS 0x000000070d200000, 0x000000070d200000| Untracked 
|  86|0x000000070d400000, 0x000000070d400000, 0x000000070d600000|  0%| F|  |TAMS 0x000000070d400000, 0x000000070d400000| Untracked 
|  87|0x000000070d600000, 0x000000070d600000, 0x000000070d800000|  0%| F|  |TAMS 0x000000070d600000, 0x000000070d600000| Untracked 
|  88|0x000000070d800000, 0x000000070d800000, 0x000000070da00000|  0%| F|  |TAMS 0x000000070d800000, 0x000000070d800000| Untracked 
|  89|0x000000070da00000, 0x000000070da00000, 0x000000070dc00000|  0%| F|  |TAMS 0x000000070da00000, 0x000000070da00000| Untracked 
|  90|0x000000070dc00000, 0x000000070dc00000, 0x000000070de00000|  0%| F|  |TAMS 0x000000070dc00000, 0x000000070dc00000| Untracked 
|  91|0x000000070de00000, 0x000000070de00000, 0x000000070e000000|  0%| F|  |TAMS 0x000000070de00000, 0x000000070de00000| Untracked 
|  92|0x000000070e000000, 0x000000070e000000, 0x000000070e200000|  0%| F|  |TAMS 0x000000070e000000, 0x000000070e000000| Untracked 
|  93|0x000000070e200000, 0x000000070e200000, 0x000000070e400000|  0%| F|  |TAMS 0x000000070e200000, 0x000000070e200000| Untracked 
|  94|0x000000070e400000, 0x000000070e400000, 0x000000070e600000|  0%| F|  |TAMS 0x000000070e400000, 0x000000070e400000| Untracked 
|  95|0x000000070e600000, 0x000000070e600000, 0x000000070e800000|  0%| F|  |TAMS 0x000000070e600000, 0x000000070e600000| Untracked 
|  96|0x000000070e800000, 0x000000070e800000, 0x000000070ea00000|  0%| F|  |TAMS 0x000000070e800000, 0x000000070e800000| Untracked 
|  97|0x000000070ea00000, 0x000000070ea00000, 0x000000070ec00000|  0%| F|  |TAMS 0x000000070ea00000, 0x000000070ea00000| Untracked 
|  98|0x000000070ec00000, 0x000000070ec00000, 0x000000070ee00000|  0%| F|  |TAMS 0x000000070ec00000, 0x000000070ec00000| Untracked 
|  99|0x000000070ee00000, 0x000000070ee00000, 0x000000070f000000|  0%| F|  |TAMS 0x000000070ee00000, 0x000000070ee00000| Untracked 
| 100|0x000000070f000000, 0x000000070f000000, 0x000000070f200000|  0%| F|  |TAMS 0x000000070f000000, 0x000000070f000000| Untracked 
| 101|0x000000070f200000, 0x000000070f200000, 0x000000070f400000|  0%| F|  |TAMS 0x000000070f200000, 0x000000070f200000| Untracked 
| 102|0x000000070f400000, 0x000000070f400000, 0x000000070f600000|  0%| F|  |TAMS 0x000000070f400000, 0x000000070f400000| Untracked 
| 103|0x000000070f600000, 0x000000070f600000, 0x000000070f800000|  0%| F|  |TAMS 0x000000070f600000, 0x000000070f600000| Untracked 
| 104|0x000000070f800000, 0x000000070f800000, 0x000000070fa00000|  0%| F|  |TAMS 0x000000070f800000, 0x000000070f800000| Untracked 
| 105|0x000000070fa00000, 0x000000070fa00000, 0x000000070fc00000|  0%| F|  |TAMS 0x000000070fa00000, 0x000000070fa00000| Untracked 
| 106|0x000000070fc00000, 0x000000070fc00000, 0x000000070fe00000|  0%| F|  |TAMS 0x000000070fc00000, 0x000000070fc00000| Untracked 
| 107|0x000000070fe00000, 0x000000070fe00000, 0x0000000710000000|  0%| F|  |TAMS 0x000000070fe00000, 0x000000070fe00000| Untracked 
| 108|0x0000000710000000, 0x0000000710000000, 0x0000000710200000|  0%| F|  |TAMS 0x0000000710000000, 0x0000000710000000| Untracked 
| 109|0x0000000710200000, 0x0000000710200000, 0x0000000710400000|  0%| F|  |TAMS 0x0000000710200000, 0x0000000710200000| Untracked 
| 110|0x0000000710400000, 0x0000000710400000, 0x0000000710600000|  0%| F|  |TAMS 0x0000000710400000, 0x0000000710400000| Untracked 
| 111|0x0000000710600000, 0x0000000710600000, 0x0000000710800000|  0%| F|  |TAMS 0x0000000710600000, 0x0000000710600000| Untracked 
| 112|0x0000000710800000, 0x0000000710800000, 0x0000000710a00000|  0%| F|  |TAMS 0x0000000710800000, 0x0000000710800000| Untracked 
| 113|0x0000000710a00000, 0x0000000710a00000, 0x0000000710c00000|  0%| F|  |TAMS 0x0000000710a00000, 0x0000000710a00000| Untracked 
| 114|0x0000000710c00000, 0x0000000710c00000, 0x0000000710e00000|  0%| F|  |TAMS 0x0000000710c00000, 0x0000000710c00000| Untracked 
| 115|0x0000000710e00000, 0x0000000710e00000, 0x0000000711000000|  0%| F|  |TAMS 0x0000000710e00000, 0x0000000710e00000| Untracked 
| 116|0x0000000711000000, 0x0000000711000000, 0x0000000711200000|  0%| F|  |TAMS 0x0000000711000000, 0x0000000711000000| Untracked 
| 117|0x0000000711200000, 0x0000000711200000, 0x0000000711400000|  0%| F|  |TAMS 0x0000000711200000, 0x0000000711200000| Untracked 
| 118|0x0000000711400000, 0x0000000711400000, 0x0000000711600000|  0%| F|  |TAMS 0x0000000711400000, 0x0000000711400000| Untracked 
| 119|0x0000000711600000, 0x0000000711600000, 0x0000000711800000|  0%| F|  |TAMS 0x0000000711600000, 0x0000000711600000| Untracked 
| 120|0x0000000711800000, 0x0000000711800000, 0x0000000711a00000|  0%| F|  |TAMS 0x0000000711800000, 0x0000000711800000| Untracked 
| 121|0x0000000711a00000, 0x0000000711a00000, 0x0000000711c00000|  0%| F|  |TAMS 0x0000000711a00000, 0x0000000711a00000| Untracked 
| 122|0x0000000711c00000, 0x0000000711c00000, 0x0000000711e00000|  0%| F|  |TAMS 0x0000000711c00000, 0x0000000711c00000| Untracked 
| 123|0x0000000711e00000, 0x0000000711e00000, 0x0000000712000000|  0%| F|  |TAMS 0x0000000711e00000, 0x0000000711e00000| Untracked 
| 124|0x0000000712000000, 0x0000000712000000, 0x0000000712200000|  0%| F|  |TAMS 0x0000000712000000, 0x0000000712000000| Untracked 
| 125|0x0000000712200000, 0x0000000712271258, 0x0000000712400000| 22%| E|  |TAMS 0x0000000712200000, 0x0000000712200000| Complete 
| 126|0x0000000712400000, 0x0000000712600000, 0x0000000712600000|100%| E|CS|TAMS 0x0000000712400000, 0x0000000712400000| Complete 

Card table byte_map: [0x000001dc6ec30000,0x000001dc6f420000] _byte_map_base: 0x000001dc6b41c000

Marking Bits (Prev, Next): (CMBitMap*) 0x000001dc5794f2a0, (CMBitMap*) 0x000001dc5794f2e0
 Prev Bits: [0x000001dc6fc10000, 0x000001dc73b70000)
 Next Bits: [0x000001dc73b70000, 0x000001dc77ad0000)

Polling page: 0x000001dc55890000

Metaspace:

Usage:
  Non-class:      1.41 MB used.
      Class:    132.91 KB used.
       Both:      1.54 MB used.

Virtual space:
  Non-class space:        8.00 MB reserved,       1.44 MB ( 18%) committed,  1 nodes.
      Class space:        1.00 GB reserved,     192.00 KB ( <1%) committed,  1 nodes.
             Both:        1.01 GB reserved,       1.62 MB ( <1%) committed. 

Chunk freelists:
   Non-Class:  3.95 MB
       Class:  3.72 MB
        Both:  7.67 MB

MaxMetaspaceSize: unlimited
CompressedClassSpaceSize: 1.00 GB
Initial GC threshold: 21.00 MB
Current GC threshold: 21.00 MB
CDS: on
MetaspaceReclaimPolicy: balanced
 - commit_granule_bytes: 65536.
 - commit_granule_words: 8192.
 - virtual_space_node_default_size: 1048576.
 - enlarge_chunks_in_place: 1.
 - new_chunks_are_fully_committed: 0.
 - uncommit_free_chunks: 1.
 - use_allocation_guard: 0.
 - handle_deallocations: 1.


Internal statistics:

num_allocs_failed_limit: 0.
num_arena_births: 44.
num_arena_deaths: 0.
num_vsnodes_births: 2.
num_vsnodes_deaths: 0.
num_space_committed: 26.
num_space_uncommitted: 0.
num_chunks_returned_to_freelist: 0.
num_chunks_taken_from_freelist: 47.
num_chunk_merges: 0.
num_chunk_splits: 33.
num_chunks_enlarged: 20.
num_purges: 0.
num_inconsistent_stats: 0.

CodeHeap 'non-profiled nmethods': size=120000Kb used=79Kb max_used=79Kb free=119920Kb
 bounds [0x000001dc66be0000, 0x000001dc66e50000, 0x000001dc6e110000]
CodeHeap 'profiled nmethods': size=120000Kb used=315Kb max_used=315Kb free=119684Kb
 bounds [0x000001dc5f6b0000, 0x000001dc5f920000, 0x000001dc66be0000]
CodeHeap 'non-nmethods': size=5760Kb used=1112Kb max_used=1117Kb free=4647Kb
 bounds [0x000001dc5f110000, 0x000001dc5f380000, 0x000001dc5f6b0000]
 total_blobs=639 nmethods=248 adapters=304
 compilation: enabled
              stopped_count=0, restarted_count=0
 full_count=0

Compilation events (20 events):
Event: 0.130 Thread 0x000001dc7a536200  235       3       sun.invoke.util.VerifyType::isNullConversion (157 bytes)
Event: 0.131 Thread 0x000001dc7a536200 nmethod 235 0x000001dc5f6f7b90 code [0x000001dc5f6f7ec0, 0x000001dc5f6f94a8]
Event: 0.131 Thread 0x000001dc7a536200  241       3       java.lang.invoke.LambdaForm$Name::isParam (13 bytes)
Event: 0.131 Thread 0x000001dc7a536200 nmethod 241 0x000001dc5f6f9990 code [0x000001dc5f6f9b20, 0x000001dc5f6f9c98]
Event: 0.131 Thread 0x000001dc7a536200  239       3       java.lang.reflect.Modifier::isStatic (13 bytes)
Event: 0.131 Thread 0x000001dc7a536200 nmethod 239 0x000001dc5f6f9d10 code [0x000001dc5f6f9ea0, 0x000001dc5f6f9ff8]
Event: 0.131 Thread 0x000001dc7a536200  240       3       java.lang.invoke.MemberName::isStatic (8 bytes)
Event: 0.131 Thread 0x000001dc7a536200 nmethod 240 0x000001dc5f6fa090 code [0x000001dc5f6fa220, 0x000001dc5f6fa3f8]
Event: 0.131 Thread 0x000001dc7a536200  238   !   3       java.lang.invoke.MemberName::getFieldType (176 bytes)
Event: 0.132 Thread 0x000001dc7a536200 nmethod 238 0x000001dc5f6fa490 code [0x000001dc5f6fa7c0, 0x000001dc5f6fbd78]
Event: 0.132 Thread 0x000001dc7a536200  243       3       jdk.internal.org.objectweb.asm.MethodWriter::visitVarInsn (302 bytes)
Event: 0.133 Thread 0x000001dc7a536200 nmethod 243 0x000001dc5f6fc410 code [0x000001dc5f6fc660, 0x000001dc5f6fd008]
Event: 0.133 Thread 0x000001dc7a536200  236       3       jdk.internal.org.objectweb.asm.Frame::pop (44 bytes)
Event: 0.133 Thread 0x000001dc7a536200 nmethod 236 0x000001dc5f6fd290 code [0x000001dc5f6fd420, 0x000001dc5f6fd5b8]
Event: 0.133 Thread 0x000001dc7a536200  244       3       java.lang.invoke.MethodType::equals (56 bytes)
Event: 0.133 Thread 0x000001dc7a536200 nmethod 244 0x000001dc5f6fd690 code [0x000001dc5f6fd8c0, 0x000001dc5f6fe478]
Event: 0.133 Thread 0x000001dc7a536200  245       3       java.lang.invoke.MethodType::equals (31 bytes)
Event: 0.133 Thread 0x000001dc7a536200 nmethod 245 0x000001dc5f6fe610 code [0x000001dc5f6fe7c0, 0x000001dc5f6fe9a8]
Event: 0.133 Thread 0x000001dc7a536200  247       3       java.lang.StringBuilder::<init> (7 bytes)
Event: 0.133 Thread 0x000001dc7a536200 nmethod 247 0x000001dc5f6fea90 code [0x000001dc5f6fec20, 0x000001dc5f6fed68]

GC Heap History (0 events):
No events

Deoptimization events (0 events):
No events

Classes unloaded (0 events):
No events

Classes redefined (0 events):
No events

Internal exceptions (3 events):
Event: 0.100 Thread 0x000001dc578fe0d0 Exception <a 'java/lang/ClassNotFoundException'{0x00000007125d43d0}: sun/awt/resources/spi/awtProvider> (0x00000007125d43d0) 
thrown [t:\workspace\open\src\hotspot\share\classfile\systemDictionary.cpp, line 256]
Event: 0.125 Thread 0x000001dc578fe0d0 Exception <a 'java/io/FileNotFoundException'{0x000000071222d3c8}> (0x000000071222d3c8) 
thrown [t:\workspace\open\src\hotspot\share\prims\jni.cpp, line 516]
Event: 0.132 Thread 0x000001dc578fe0d0 Exception <a 'java/io/FileNotFoundException'{0x000000071225a300}> (0x000000071225a300) 
thrown [t:\workspace\open\src\hotspot\share\prims\jni.cpp, line 516]

VM Operations (0 events):
No events

Events (20 events):
Event: 0.138 loading class java/awt/Component$DummyRequestFocusController done
Event: 0.139 loading class java/awt/LayoutManager
Event: 0.139 loading class java/awt/LayoutManager done
Event: 0.139 loading class java/awt/LightweightDispatcher
Event: 0.139 loading class java/awt/event/AWTEventListener
Event: 0.139 loading class java/awt/event/AWTEventListener done
Event: 0.139 loading class java/awt/LightweightDispatcher done
Event: 0.139 loading class java/awt/Dimension
Event: 0.139 loading class java/awt/geom/Dimension2D
Event: 0.139 loading class java/awt/geom/Dimension2D done
Event: 0.139 loading class java/awt/Dimension done
Event: 0.139 loading class java/awt/Container$1
Event: 0.139 loading class sun/awt/AWTAccessor$ContainerAccessor
Event: 0.139 loading class sun/awt/AWTAccessor$ContainerAccessor done
Event: 0.139 loading class java/awt/Container$1 done
Event: 0.139 loading class sun/awt/util/IdentityArrayList
Event: 0.139 loading class sun/awt/util/IdentityArrayList done
Event: 0.139 loading class java/awt/Window$Type
Event: 0.139 loading class java/awt/Window$Type done
Event: 0.139 loading class java/util/concurrent/atomic/AtomicBoolean


Dynamic libraries:
0x00007ff760160000 - 0x00007ff760170000 	C:\Program Files\Java\jdk-17.0.1\bin\javaw.exe
0x00007ffef5580000 - 0x00007ffef5789000 	C:\WINDOWS\SYSTEM32\ntdll.dll
0x00007ffef3410000 - 0x00007ffef34cd000 	C:\WINDOWS\System32\KERNEL32.DLL
0x00007ffef2d60000 - 0x00007ffef30d9000 	C:\WINDOWS\System32\KERNELBASE.dll
0x00007ffef32f0000 - 0x00007ffef3401000 	C:\WINDOWS\System32\ucrtbase.dll
0x00007ffee72f0000 - 0x00007ffee730a000 	C:\Program Files\Java\jdk-17.0.1\bin\VCRUNTIME140.dll
0x00007ffee00e0000 - 0x00007ffee00f8000 	C:\Program Files\Java\jdk-17.0.1\bin\jli.dll
0x00007ffef3540000 - 0x00007ffef35ee000 	C:\WINDOWS\System32\ADVAPI32.dll
0x00007ffef4b20000 - 0x00007ffef4bc3000 	C:\WINDOWS\System32\msvcrt.dll
0x00007ffef4260000 - 0x00007ffef42fe000 	C:\WINDOWS\System32\sechost.dll
0x00007ffef3940000 - 0x00007ffef3a60000 	C:\WINDOWS\System32\RPCRT4.dll
0x00007ffef4900000 - 0x00007ffef4aac000 	C:\WINDOWS\System32\USER32.dll
0x00007ffef2ad0000 - 0x00007ffef2af6000 	C:\WINDOWS\System32\win32u.dll
0x00007ffef3a60000 - 0x00007ffef3a89000 	C:\WINDOWS\System32\GDI32.dll
0x00007ffef2b00000 - 0x00007ffef2c12000 	C:\WINDOWS\System32\gdi32full.dll
0x00007ffef3250000 - 0x00007ffef32ed000 	C:\WINDOWS\System32\msvcp_win.dll
0x00007ffec8a30000 - 0x00007ffec8cd5000 	C:\WINDOWS\WinSxS\amd64_microsoft.windows.common-controls_6595b64144ccf1df_6.0.22000.120_none_9d947278b86cc467\COMCTL32.dll
0x00007ffeeb060000 - 0x00007ffeeb06a000 	C:\WINDOWS\SYSTEM32\VERSION.dll
0x00007ffef5500000 - 0x00007ffef5531000 	C:\WINDOWS\System32\IMM32.DLL
0x00007ffee2dd0000 - 0x00007ffee2ddc000 	C:\Program Files\Java\jdk-17.0.1\bin\vcruntime140_1.dll
0x00007ffea04a0000 - 0x00007ffea052d000 	C:\Program Files\Java\jdk-17.0.1\bin\msvcp140.dll
0x00007ffe44f10000 - 0x00007ffe45ace000 	C:\Program Files\Java\jdk-17.0.1\bin\server\jvm.dll
0x00007ffef3a90000 - 0x00007ffef3a98000 	C:\WINDOWS\System32\PSAPI.DLL
0x00007ffeeb870000 - 0x00007ffeeb8a3000 	C:\WINDOWS\SYSTEM32\WINMM.dll
0x00007ffeef0d0000 - 0x00007ffeef0d9000 	C:\WINDOWS\SYSTEM32\WSOCK32.dll
0x00007ffef43e0000 - 0x00007ffef444f000 	C:\WINDOWS\System32\WS2_32.dll
0x00007ffef1c10000 - 0x00007ffef1c28000 	C:\WINDOWS\SYSTEM32\kernel.appcore.dll
0x00007ffee6f60000 - 0x00007ffee6f6a000 	C:\Program Files\Java\jdk-17.0.1\bin\jimage.dll
0x00007ffef0680000 - 0x00007ffef08a1000 	C:\WINDOWS\SYSTEM32\DBGHELP.DLL
0x00007ffed5400000 - 0x00007ffed5431000 	C:\WINDOWS\SYSTEM32\dbgcore.DLL
0x00007ffef2ce0000 - 0x00007ffef2d5f000 	C:\WINDOWS\System32\bcryptPrimitives.dll
0x00007ffeb8c90000 - 0x00007ffeb8cb5000 	C:\Program Files\Java\jdk-17.0.1\bin\java.dll
0x00007ffe983b0000 - 0x00007ffe98486000 	C:\Program Files\Java\jdk-17.0.1\bin\svml.dll
0x00007ffef3aa0000 - 0x00007ffef4258000 	C:\WINDOWS\System32\SHELL32.dll
0x00007ffef0ba0000 - 0x00007ffef1408000 	C:\WINDOWS\SYSTEM32\windows.storage.dll
0x00007ffef5180000 - 0x00007ffef54f9000 	C:\WINDOWS\System32\combase.dll
0x00007ffef0a30000 - 0x00007ffef0b96000 	C:\WINDOWS\SYSTEM32\wintypes.dll
0x00007ffef46b0000 - 0x00007ffef479a000 	C:\WINDOWS\System32\SHCORE.dll
0x00007ffef34e0000 - 0x00007ffef353d000 	C:\WINDOWS\System32\shlwapi.dll
0x00007ffef2990000 - 0x00007ffef29b1000 	C:\WINDOWS\SYSTEM32\profapi.dll
0x00007ffee2550000 - 0x00007ffee2569000 	C:\Program Files\Java\jdk-17.0.1\bin\net.dll
0x00007ffeeb5c0000 - 0x00007ffeeb6cc000 	C:\WINDOWS\SYSTEM32\WINHTTP.dll
0x00007ffef2040000 - 0x00007ffef20a7000 	C:\WINDOWS\system32\mswsock.dll
0x00007ffeb2080000 - 0x00007ffeb2095000 	C:\Program Files\Java\jdk-17.0.1\bin\nio.dll
0x00007ffeb1810000 - 0x00007ffeb1828000 	C:\Program Files\Java\jdk-17.0.1\bin\zip.dll
0x00007ffe93420000 - 0x00007ffe935af000 	C:\Program Files\Java\jdk-17.0.1\bin\awt.dll
0x00007ffef35f0000 - 0x00007ffef36c6000 	C:\WINDOWS\System32\OLEAUT32.dll
0x00007ffeefd50000 - 0x00007ffeefde1000 	C:\WINDOWS\SYSTEM32\apphelp.dll

dbghelp: loaded successfully - version: 4.0.5 - missing functions: none
symbol engine: initialized successfully - sym options: 0x614 - pdb path: .;C:\Program Files\Java\jdk-17.0.1\bin;C:\WINDOWS\SYSTEM32;C:\WINDOWS\WinSxS\amd64_microsoft.windows.common-controls_6595b64144ccf1df_6.0.22000.120_none_9d947278b86cc467;C:\Program Files\Java\jdk-17.0.1\bin\server

VM Arguments:
jvm_args: -Dfile.encoding=Cp1252 -XX:+ShowCodeDetailsInExceptionMessages 
java_command: vista.FrmAtención
java_class_path (initial): C:\Users\alepa\OneDrive - CIBERTEC\Documents\Estudios\For Cibertec\Ciclo 3\Lenguaje de programación\GitHub\JAVA-PROJECT-3\PROJECT\bin;C:\Users\alepa\OneDrive - CIBERTEC\Documents\Estudios\For Cibertec\Ciclo 3\Lenguaje de programación\GitHub\JAVA-PROJECT-3\PROJECT\lib\mysql-connector-java-8.0.22.jar;C:\Users\alepa\OneDrive - CIBERTEC\Documents\Estudios\For Cibertec\Ciclo 3\Lenguaje de programación\GitHub\JAVA-PROJECT-3\PROJECT\lib\jcalendar-1.4.jar
Launcher Type: SUN_STANDARD

[Global flags]
     intx CICompilerCount                          = 4                                         {product} {ergonomic}
     uint ConcGCThreads                            = 2                                         {product} {ergonomic}
     uint G1ConcRefinementThreads                  = 8                                         {product} {ergonomic}
   size_t G1HeapRegionSize                         = 2097152                                   {product} {ergonomic}
    uintx GCDrainStackTargetSize                   = 64                                        {product} {ergonomic}
   size_t InitialHeapSize                          = 266338304                                 {product} {ergonomic}
   size_t MarkStackSize                            = 4194304                                   {product} {ergonomic}
   size_t MaxHeapSize                              = 4253024256                                {product} {ergonomic}
   size_t MaxNewSize                               = 2550136832                                {product} {ergonomic}
   size_t MinHeapDeltaBytes                        = 2097152                                   {product} {ergonomic}
   size_t MinHeapSize                              = 8388608                                   {product} {ergonomic}
    uintx NonNMethodCodeHeapSize                   = 5839372                                {pd product} {ergonomic}
    uintx NonProfiledCodeHeapSize                  = 122909434                              {pd product} {ergonomic}
    uintx ProfiledCodeHeapSize                     = 122909434                              {pd product} {ergonomic}
    uintx ReservedCodeCacheSize                    = 251658240                              {pd product} {ergonomic}
     bool SegmentedCodeCache                       = true                                      {product} {ergonomic}
     bool ShowCodeDetailsInExceptionMessages       = true                                   {manageable} {command line}
   size_t SoftMaxHeapSize                          = 4253024256                             {manageable} {ergonomic}
     bool UseCompressedClassPointers               = true                           {product lp64_product} {ergonomic}
     bool UseCompressedOops                        = true                           {product lp64_product} {ergonomic}
     bool UseG1GC                                  = true                                      {product} {ergonomic}
     bool UseLargePagesIndividualAllocation        = false                                  {pd product} {ergonomic}

Logging:
Log output configuration:
 #0: stdout all=warning uptime,level,tags
 #1: stderr all=off uptime,level,tags

Environment Variables:
PATH=C:/Program Files/Java/jdk-17.0.1/bin/server;C:/Program Files/Java/jdk-17.0.1/bin;C:\Program Files (x86)\VMware\VMware Player\bin\;C:\Program Files\Common Files\Oracle\Java\javapath;C:\Program Files (x86)\Common Files\Oracle\Java\javapath;C:\Windows\system32;C:\Windows;C:\Windows\System32\Wbem;C:\Windows\System32\WindowsPowerShell\v1.0\;C:\Windows\System32\OpenSSH\;C:\Program Files (x86)\NVIDIA Corporation\PhysX\Common;C:\WINDOWS\system32;C:\WINDOWS;C:\WINDOWS\System32\Wbem;C:\WINDOWS\System32\WindowsPowerShell\v1.0\;C:\WINDOWS\System32\OpenSSH\;C:\Program Files\Microsoft SQL Server\Client SDK\ODBC\170\Tools\Binn\;C:\Program Files (x86)\Microsoft SQL Server\150\Tools\Binn\;C:\Program Files\Microsoft SQL Server\150\Tools\Binn\;C:\Program Files\Microsoft SQL Server\150\DTS\Binn\;C:\Program Files (x86)\Microsoft SQL Server\150\DTS\Binn\;C:\Program Files\Azure Data Studio\bin;C:\Program Files\nodejs\;C:\Program Files\Git\cmd;C:\Program Files\dotnet\;C:\Program Files\MySQL\MySQL Shell 8.0\bin\;C:\Users\alepa\AppData\Local\Microsoft\WindowsApps;C:\Users\alepa\AppData\Local\Programs\Microsoft VS Code\bin;C:\Users\alepa\AppData\Roaming\npm;C:\Users\alepa\AppData\Local\GitHubDesktop\bin;C:\Users\alepa\.dotnet\tools;C:\Windows;
USERNAME=alepa
OS=Windows_NT
PROCESSOR_IDENTIFIER=Intel64 Family 6 Model 158 Stepping 10, GenuineIntel



---------------  S Y S T E M  ---------------

OS:
 Windows 10 , 64 bit Build 22000 (10.0.22000.708)
OS uptime: 2 days 17:00 hours
Hyper-V role detected

CPU: total 8 (initial active 8) (4 cores per cpu, 2 threads per core) family 6 model 158 stepping 10 microcode 0xde, cx8, cmov, fxsr, ht, mmx, 3dnowpref, sse, sse2, sse3, ssse3, sse4.1, sse4.2, popcnt, lzcnt, tsc, tscinvbit, avx, avx2, aes, erms, clmul, bmi1, bmi2, adx, fma, vzeroupper, clflush, clflushopt, hv

Memory: 4k page, system-wide physical 16221M (4039M free)
TotalPageFile size 65373M (AvailPageFile size 4M)
current process WorkingSet (physical memory assigned to process): 37M, peak: 37M
current process commit charge ("private bytes"): 344M, peak: 344M

vm_info: Java HotSpot(TM) 64-Bit Server VM (17.0.1+12-LTS-39) for windows-amd64 JRE (17.0.1+12-LTS-39), built on Sep 27 2021 18:41:35 by "mach5one" with MS VC++ 16.8 (VS2019)

END.
